#
# There is insufficient memory for the Java Runtime Environment to continue.
# Native memory allocation (malloc) failed to allocate 1048576 bytes for AllocateHeap
# Possible reasons:
#   The system is out of physical RAM or swap space
#   In 32 bit mode, the process size limit was hit
# Possible solutions:
#   Reduce memory load on the system
#   Increase physical memory or swap space
#   Check if swap backing store is full
#   Use 64 bit Java on a 64 bit OS
#   Decrease Java heap size (-Xmx/-Xms)
#   Decrease number of Java threads
#   Decrease Java thread stack sizes (-Xss)
#   Set larger code cache with -XX:ReservedCodeCacheSize=
# This output file may be truncated or incomplete.
#
#  Out of Memory Error (memory/allocation.inline.hpp:61), pid=28840, tid=0x0000000000007294
#
# JRE version:  (8.0_181-b13) (build )
# Java VM: Java HotSpot(TM) 64-Bit Server VM (25.181-b13 mixed mode windows-amd64 compressed oops)
# Failed to write core dump. Minidumps are not enabled by default on client versions of Windows
#

---------------  T H R E A D  ---------------

Current thread (0x0000000002e32800):  JavaThread "Unknown thread" [_thread_in_vm, id=29332, stack(0x0000000002d30000,0x0000000002e30000)]

Stack: [0x0000000002d30000,0x0000000002e30000]
[error occurred during error reporting (printing stack bounds), id 0xc0000005]

Native frames: (J=compiled Java code, j=interpreted, Vv=VM code, C=native code)


---------------  P R O C E S S  ---------------

Java Threads: ( => current thread )

Other Threads:

=>0x0000000002e32800 (exited) JavaThread "Unknown thread" [_thread_in_vm, id=29332, stack(0x0000000002d30000,0x0000000002e30000)]

VM state:not at safepoint (normal execution)

VM Mutex/Monitor currently owned by a thread: None

Heap:
 PSYoungGen      total 38400K, used 665K [0x00000000f5580000, 0x00000000f8000000, 0x0000000100000000)
  eden space 33280K, 2% used [0x00000000f5580000,0x00000000f5626670,0x00000000f7600000)
  from space 5120K, 0% used [0x00000000f7b00000,0x00000000f7b00000,0x00000000f8000000)
  to   space 5120K, 0% used [0x00000000f7600000,0x00000000f7600000,0x00000000f7b00000)
 ParOldGen       total 87552K, used 0K [0x00000000e0000000, 0x00000000e5580000, 0x00000000f5580000)
  object space 87552K, 0% used [0x00000000e0000000,0x00000000e0000000,0x00000000e5580000)
 Metaspace       used 751K, capacity 4480K, committed 4480K, reserved 1056768K
  class space    used 76K, capacity 384K, committed 384K, reserved 1048576K

Card table byte_map: [0x00000000122f0000,0x0000000012400000] byte_map_base: 0x0000000011bf0000

Marking Bits: (ParMarkBitMap*) 0x00000000733f2d00
 Begin Bits: [0x0000000012800000, 0x0000000013000000)
 End Bits:   [0x0000000013000000, 0x0000000013800000)

Polling page: 0x0000000000f30000

CodeCache: size=245760Kb used=328Kb max_used=328Kb free=245431Kb
 bounds [0x0000000002f30000, 0x00000000031a0000, 0x0000000011f30000]
 total_blobs=58 nmethods=0 adapters=38
 compilation: enabled

Compilation events (0 events):
No events

GC Heap History (0 events):
No events

Deoptimization events (0 events):
No events

Classes redefined (0 events):
No events

Internal exceptions (0 events):
No events

Events (10 events):
Event: 0.122 loading class java/lang/Short
Event: 0.122 loading class java/lang/Short done
Event: 0.122 loading class java/lang/Integer
Event: 0.122 loading class java/lang/Integer done
Event: 0.122 loading class java/lang/Long
Event: 0.122 loading class java/lang/Long done
Event: 0.123 loading class java/lang/NullPointerException
Event: 0.123 loading class java/lang/NullPointerException done
Event: 0.123 loading class java/lang/ArithmeticException
Event: 0.123 loading class java/lang/ArithmeticException done


Dynamic libraries:
0x00007ff71c840000 - 0x00007ff71c877000 	C:\Program Files\Java\jre1.8.0_181\bin\javaw.exe
0x00007ffbb6db0000 - 0x00007ffbb6f91000 	C:\WINDOWS\SYSTEM32\ntdll.dll
0x00007ffbb6af0000 - 0x00007ffbb6ba2000 	C:\WINDOWS\System32\KERNEL32.DLL
0x00007ffbb34a0000 - 0x00007ffbb3713000 	C:\WINDOWS\System32\KERNELBASE.dll
0x00007ffbb61c0000 - 0x00007ffbb6261000 	C:\WINDOWS\System32\ADVAPI32.dll
0x00007ffbb68c0000 - 0x00007ffbb695e000 	C:\WINDOWS\System32\msvcrt.dll
0x00007ffbb6a90000 - 0x00007ffbb6aeb000 	C:\WINDOWS\System32\sechost.dll
0x00007ffbb6790000 - 0x00007ffbb68b4000 	C:\WINDOWS\System32\RPCRT4.dll
0x00007ffbb6270000 - 0x00007ffbb6400000 	C:\WINDOWS\System32\USER32.dll
0x00007ffbb4120000 - 0x00007ffbb4140000 	C:\WINDOWS\System32\win32u.dll
0x00007ffbb6d50000 - 0x00007ffbb6d78000 	C:\WINDOWS\System32\GDI32.dll
0x00007ffbb3180000 - 0x00007ffbb3312000 	C:\WINDOWS\System32\gdi32full.dll
0x00007ffbb3e90000 - 0x00007ffbb3f2f000 	C:\WINDOWS\System32\msvcp_win.dll
0x00007ffbb4140000 - 0x00007ffbb4238000 	C:\WINDOWS\System32\ucrtbase.dll
0x00007ffba4250000 - 0x00007ffba44b9000 	C:\WINDOWS\WinSxS\amd64_microsoft.windows.common-controls_6595b64144ccf1df_6.0.17134.648_none_fb45a0e93062a6d2\COMCTL32.dll
0x00007ffbb6400000 - 0x00007ffbb6722000 	C:\WINDOWS\System32\combase.dll
0x00007ffbb33d0000 - 0x00007ffbb344a000 	C:\WINDOWS\System32\bcryptPrimitives.dll
0x00007ffbb5f40000 - 0x00007ffbb5f6d000 	C:\WINDOWS\System32\IMM32.DLL
0x00000000716b0000 - 0x0000000071782000 	C:\Program Files\Java\jre1.8.0_181\bin\msvcr100.dll
0x0000000072bd0000 - 0x0000000073472000 	C:\Program Files\Java\jre1.8.0_181\bin\server\jvm.dll
0x00007ffbb5e20000 - 0x00007ffbb5e28000 	C:\WINDOWS\System32\PSAPI.DLL
0x00007ffbb1cd0000 - 0x00007ffbb1cd9000 	C:\WINDOWS\SYSTEM32\WSOCK32.dll
0x00007ffbb5ed0000 - 0x00007ffbb5f3c000 	C:\WINDOWS\System32\WS2_32.dll
0x00007ffbae420000 - 0x00007ffbae443000 	C:\WINDOWS\SYSTEM32\WINMM.dll
0x00007ffba5260000 - 0x00007ffba526a000 	C:\WINDOWS\SYSTEM32\VERSION.dll
0x00007ffbae3f0000 - 0x00007ffbae41a000 	C:\WINDOWS\SYSTEM32\WINMMBASE.dll
0x00007ffbb3450000 - 0x00007ffbb3499000 	C:\WINDOWS\System32\cfgmgr32.dll
0x0000000072ae0000 - 0x0000000072aef000 	C:\Program Files\Java\jre1.8.0_181\bin\verify.dll
0x0000000072ab0000 - 0x0000000072ad9000 	C:\Program Files\Java\jre1.8.0_181\bin\java.dll
0x0000000072a90000 - 0x0000000072aa6000 	C:\Program Files\Java\jre1.8.0_181\bin\zip.dll

VM Arguments:
jvm_args: -Dfile.encoding=UTF-8 -Xmx512M 
java_command: Vista.Menu
java_class_path (initial): C:\Users\fredd\Desktop\Analisis\Sistema Consultorio\SistemaConsultorio\bin;C:\Users\fredd\Desktop\Analisis\Sistema Consultorio\SistemaConsultorio\src\Librerias\mysql-connector-java-5.0.4-bin.jar;C:\Users\fredd\Desktop\Analisis\Sistema Consultorio\SistemaConsultorio\src\Librerias\mysql-connector-java-8.0.12.jar;C:\Users\fredd\Desktop\Analisis\Sistema Consultorio\SistemaConsultorio\src\Librerias\PlaceHolder.jar;C:\Users\fredd\Desktop\Analisis\Sistema Consultorio\SistemaConsultorio\jgoodies-forms-1.8.0.jar;C:\Users\fredd\Desktop\Analisis\Sistema Consultorio\SistemaConsultorio\miglayout15-swing.jar
Launcher Type: SUN_STANDARD

Environment Variables:
_JAVA_OPTIONS=-Xmx512M
PATH=C:/Program Files/Java/jre1.8.0_181/bin/server;C:/Program Files/Java/jre1.8.0_181/bin;C:/Program Files/Java/jre1.8.0_181/lib/amd64;C:\Program Files (x86)\Common Files\Oracle\Java\javapath;C:\Windows\system32;C:\Windows;C:\Windows\System32\Wbem;C:\Windows\System32\WindowsPowerShell\v1.0\;C:\Program Files (x86)\Borland\Delphi7\Bin;C:\Program Files (x86)\Borland\Delphi7\Projects\Bpl;C:\Users\fredd\.dnx\bin;C:\Program Files\Microsoft DNX\Dnvm\;C:\Users\fredd\AppData\Local\Microsoft\WindowsApps;C:\adb;C:\WINDOWS\system32;C:\WINDOWS;C:\WINDOWS\System32\Wbem;C:\WINDOWS\System32\WindowsPowerShell\v1.0\;C:\WINDOWS\System32\OpenSSH\;C:\Program Files\Microsoft SQL Server\Client SDK\ODBC\110\Tools\Binn\;C:\Program Files (x86)\Microsoft SQL Server\120\Tools\Binn\ManagementStudio\;C:\Program Files (x86)\Microsoft SQL Server\120\Tools\Binn\;C:\Program Files\Microsoft SQL Server\120\Tools\Binn\;C:\Program Files (x86)\Microsoft SQL Server\120\DTS\Binn\;C:\Program Files\Microsoft SQL Server\120\DTS\Binn\;C:\Program Files\Git\cmd;C:\Users\fredd\AppData\Local\Microsoft\WindowsApps;C:\Users\fredd\AppData\Local\atom\bin;C:\Users\fredd\AppData\Local\Programs\Python\Python36\;C:\Users\fredd\AppData\Local\Programs\Python\Python36\Scripts\;C:\Users\fredd\AppData\Local\GitHubDesktop\bin;C:\WINDOWS\System32;
USERNAME=fredd
OS=Windows_NT
PROCESSOR_IDENTIFIER=Intel64 Family 6 Model 69 Stepping 1, GenuineIntel



---------------  S Y S T E M  ---------------

OS: Windows 10.0 , 64 bit Build 17134 (10.0.17134.648)

CPU:total 4 (initial active 4) (2 cores per cpu, 2 threads per core) family 6 model 69 stepping 1, cmov, cx8, fxsr, mmx, sse, sse2, sse3, ssse3, sse4.1, sse4.2, popcnt, avx, avx2, aes, clmul, erms, lzcnt, ht, tsc, tscinvbit, bmi1, bmi2

Memory: 4k page, physical 8269468k(468804k free), swap 33435292k(5492k free)

vm_info: Java HotSpot(TM) 64-Bit Server VM (25.181-b13) for windows-amd64 JRE (1.8.0_181-b13), built on Jul  7 2018 04:01:33 by "java_re" with MS VC++ 10.0 (VS2010)

time: Fri Mar 29 23:54:26 2019
elapsed time: 0 seconds (0d 0h 0m 0s)

