#
# There is insufficient memory for the Java Runtime Environment to continue.
# Native memory allocation (malloc) failed to allocate 32744 bytes for ChunkPool::allocate
# Possible reasons:
#   The system is out of physical RAM or swap space
#   In 32 bit mode, the process size limit was hit
# Possible solutions:
#   Reduce memory load on the system
#   Increase physical memory or swap space
#   Check if swap backing store is full
#   Use 64 bit Java on a 64 bit OS
#   Decrease Java heap size (-Xmx/-Xms)
#   Decrease number of Java threads
#   Decrease Java thread stack sizes (-Xss)
#   Set larger code cache with -XX:ReservedCodeCacheSize=
# This output file may be truncated or incomplete.
#
#  Out of Memory Error (allocation.cpp:273), pid=7996, tid=0x00000000000059d0
#
# JRE version: Java(TM) SE Runtime Environment (8.0_181-b13) (build 1.8.0_181-b13)
# Java VM: Java HotSpot(TM) 64-Bit Server VM (25.181-b13 mixed mode windows-amd64 compressed oops)
# Failed to write core dump. Minidumps are not enabled by default on client versions of Windows
#

---------------  T H R E A D  ---------------

Current thread (0x000000001782f800):  JavaThread "C2 CompilerThread0" daemon [_thread_in_native, id=22992, stack(0x0000000018e70000,0x0000000018f70000)]

Stack: [0x0000000018e70000,0x0000000018f70000]
[error occurred during error reporting (printing stack bounds), id 0xc0000005]

Native frames: (J=compiled Java code, j=interpreted, Vv=VM code, C=native code)


Current CompileTask:
C2:   1640  824   !   4       sun.font.SunFontManager::addToPool (131 bytes)


---------------  P R O C E S S  ---------------

Java Threads: ( => current thread )
  0x000000001a1b9000 JavaThread "Image Fetcher 0" daemon [_thread_blocked, id=19172, stack(0x000000001ab10000,0x000000001ac10000)]
  0x0000000002afe800 JavaThread "DestroyJavaVM" [_thread_blocked, id=8904, stack(0x0000000002b00000,0x0000000002c00000)]
  0x00000000194e6000 JavaThread "AWT-EventQueue-0" [_thread_in_vm, id=11088, stack(0x0000000019bb0000,0x0000000019cb0000)]
  0x0000000019561800 JavaThread "AWT-Windows" daemon [_thread_in_native, id=984, stack(0x0000000019ab0000,0x0000000019bb0000)]
  0x0000000019512800 JavaThread "AWT-Shutdown" [_thread_blocked, id=21680, stack(0x00000000199b0000,0x0000000019ab0000)]
  0x0000000019511800 JavaThread "Java2D Disposer" daemon [_thread_blocked, id=12144, stack(0x00000000198b0000,0x00000000199b0000)]
  0x000000001788e000 JavaThread "Service Thread" daemon [_thread_blocked, id=19824, stack(0x0000000019570000,0x0000000019670000)]
  0x0000000017843800 JavaThread "C1 CompilerThread2" daemon [_thread_blocked, id=22136, stack(0x0000000019070000,0x0000000019170000)]
  0x0000000017836800 JavaThread "C2 CompilerThread1" daemon [_thread_in_native, id=10940, stack(0x0000000018f70000,0x0000000019070000)]
=>0x000000001782f800 JavaThread "C2 CompilerThread0" daemon [_thread_in_native, id=22992, stack(0x0000000018e70000,0x0000000018f70000)]
  0x000000001782d800 JavaThread "Attach Listener" daemon [_thread_blocked, id=2520, stack(0x0000000018d70000,0x0000000018e70000)]
  0x000000001782c800 JavaThread "Signal Dispatcher" daemon [_thread_blocked, id=13212, stack(0x0000000018c70000,0x0000000018d70000)]
  0x000000001781a800 JavaThread "Finalizer" daemon [_thread_blocked, id=22436, stack(0x0000000018a80000,0x0000000018b80000)]
  0x0000000002cf1000 JavaThread "Reference Handler" daemon [_thread_blocked, id=5220, stack(0x0000000018980000,0x0000000018a80000)]

Other Threads:
  0x00000000177f7800 VMThread [stack: 0x0000000018880000,0x0000000018980000] [id=24180]
  0x00000000191bd000 WatcherThread [stack: 0x0000000019670000,0x0000000019770000] [id=18064]

VM state:not at safepoint (normal execution)

VM Mutex/Monitor currently owned by a thread: None

Heap:
 PSYoungGen      total 38400K, used 20644K [0x00000000d5f00000, 0x00000000d8980000, 0x0000000100000000)
  eden space 33280K, 62% used [0x00000000d5f00000,0x00000000d7329100,0x00000000d7f80000)
  from space 5120K, 0% used [0x00000000d8480000,0x00000000d8480000,0x00000000d8980000)
  to   space 5120K, 0% used [0x00000000d7f80000,0x00000000d7f80000,0x00000000d8480000)
 ParOldGen       total 87552K, used 0K [0x0000000081c00000, 0x0000000087180000, 0x00000000d5f00000)
  object space 87552K, 0% used [0x0000000081c00000,0x0000000081c00000,0x0000000087180000)
 Metaspace       used 11469K, capacity 11692K, committed 12032K, reserved 1060864K
  class space    used 1349K, capacity 1420K, committed 1536K, reserved 1048576K

Card table byte_map: [0x00000000120c0000,0x00000000124c0000] byte_map_base: 0x0000000011cb2000

Marking Bits: (ParMarkBitMap*) 0x00000000733f2d00
 Begin Bits: [0x0000000012b70000, 0x0000000014b00000)
 End Bits:   [0x0000000014b00000, 0x0000000016a90000)

Polling page: 0x0000000000c00000

CodeCache: size=245760Kb used=3128Kb max_used=3131Kb free=242631Kb
 bounds [0x0000000002d00000, 0x0000000003020000, 0x0000000011d00000]
 total_blobs=1306 nmethods=824 adapters=395
 compilation: enabled

Compilation events (10 events):
Event: 1.562 Thread 0x0000000017836800 nmethod 818 0x0000000003002ed0 code [0x00000000030030e0, 0x0000000003003198]
Event: 1.568 Thread 0x0000000017843800  820   !   3       sun.font.TrueTypeFont::getAllFullNames (33 bytes)
Event: 1.569 Thread 0x0000000017843800 nmethod 820 0x0000000003004e90 code [0x0000000003005060, 0x00000000030057d8]
Event: 1.569 Thread 0x0000000017843800  821   !   3       sun.font.TrueTypeFont::getAllFamilyNames (33 bytes)
Event: 1.570 Thread 0x0000000017843800 nmethod 821 0x0000000003011450 code [0x0000000003011620, 0x0000000003011d98]
Event: 1.570 Thread 0x0000000017843800  822  s    3       sun.font.FontFamily::addLocaleNames (45 bytes)
Event: 1.571 Thread 0x0000000017843800 nmethod 822 0x00000000030106d0 code [0x00000000030108a0, 0x00000000030110d8]
Event: 1.574 Thread 0x000000001782f800 nmethod 819 0x00000000030064d0 code [0x0000000003006660, 0x0000000003006bd8]
Event: 1.587 Thread 0x0000000017836800  823   !   4       sun.font.TrueTypeFont::getTableBuffer (199 bytes)
Event: 1.636 Thread 0x000000001782f800  824   !   4       sun.font.SunFontManager::addToPool (131 bytes)

GC Heap History (0 events):
No events

Deoptimization events (10 events):
Event: 0.993 Thread 0x00000000194e6000 Uncommon trap: reason=class_check action=maybe_recompile pc=0x0000000002e89060 method=java.lang.String.equals(Ljava/lang/Object;)Z @ 8
Event: 0.993 Thread 0x00000000194e6000 Uncommon trap: reason=class_check action=maybe_recompile pc=0x0000000002e89060 method=java.lang.String.equals(Ljava/lang/Object;)Z @ 8
Event: 0.994 Thread 0x00000000194e6000 Uncommon trap: reason=class_check action=maybe_recompile pc=0x0000000002e89060 method=java.lang.String.equals(Ljava/lang/Object;)Z @ 8
Event: 1.442 Thread 0x00000000194e6000 Uncommon trap: reason=class_check action=maybe_recompile pc=0x0000000002f7f854 method=java.util.HashMap.putVal(ILjava/lang/Object;Ljava/lang/Object;ZZ)Ljava/lang/Object; @ 203
Event: 1.442 Thread 0x00000000194e6000 Uncommon trap: reason=class_check action=maybe_recompile pc=0x0000000002f7f854 method=java.util.HashMap.putVal(ILjava/lang/Object;Ljava/lang/Object;ZZ)Ljava/lang/Object; @ 203
Event: 1.443 Thread 0x00000000194e6000 Uncommon trap: reason=class_check action=maybe_recompile pc=0x0000000002f7f854 method=java.util.HashMap.putVal(ILjava/lang/Object;Ljava/lang/Object;ZZ)Ljava/lang/Object; @ 203
Event: 1.443 Thread 0x00000000194e6000 Uncommon trap: reason=class_check action=maybe_recompile pc=0x0000000002f7f854 method=java.util.HashMap.putVal(ILjava/lang/Object;Ljava/lang/Object;ZZ)Ljava/lang/Object; @ 203
Event: 1.455 Thread 0x00000000194e6000 Uncommon trap: reason=class_check action=maybe_recompile pc=0x0000000002f53d54 method=java.util.HashMap.putVal(ILjava/lang/Object;Ljava/lang/Object;ZZ)Ljava/lang/Object; @ 203
Event: 1.481 Thread 0x00000000194e6000 Uncommon trap: reason=unstable_if action=reinterpret pc=0x0000000002f4947c method=java.lang.CharacterData.of(I)Ljava/lang/CharacterData; @ 4
Event: 1.489 Thread 0x00000000194e6000 Uncommon trap: reason=unstable_if action=reinterpret pc=0x0000000002ffc110 method=java.lang.Character.isSurrogate(C)Z @ 3

Classes redefined (0 events):
No events

Internal exceptions (10 events):
Event: 0.356 Thread 0x00000000194e6000 Implicit null exception at 0x0000000002e6e25b to 0x0000000002e6e405
Event: 0.537 Thread 0x00000000194e6000 Exception <a 'java/lang/ClassNotFoundException': java/lang/ObjectCustomizer> (0x00000000d6604ed0) thrown at [C:\re\workspace\8-2-build-windows-amd64-cygwin\jdk8u181\11358\hotspot\src\share\vm\classfile\systemDictionary.cpp, line 210]
Event: 0.540 Thread 0x00000000194e6000 Exception <a 'java/lang/ArrayIndexOutOfBoundsException': 18> (0x00000000d6607930) thrown at [C:\re\workspace\8-2-build-windows-amd64-cygwin\jdk8u181\11358\hotspot\src\share\vm\interpreter\interpreterRuntime.cpp, line 366]
Event: 0.541 Thread 0x00000000194e6000 Exception <a 'java/lang/ArrayIndexOutOfBoundsException': 22> (0x00000000d660ac90) thrown at [C:\re\workspace\8-2-build-windows-amd64-cygwin\jdk8u181\11358\hotspot\src\share\vm\interpreter\interpreterRuntime.cpp, line 366]
Event: 0.542 Thread 0x00000000194e6000 Exception <a 'java/lang/ArrayIndexOutOfBoundsException': 160> (0x00000000d660d068) thrown at [C:\re\workspace\8-2-build-windows-amd64-cygwin\jdk8u181\11358\hotspot\src\share\vm\interpreter\interpreterRuntime.cpp, line 366]
Event: 0.545 Thread 0x00000000194e6000 Exception <a 'java/lang/ClassNotFoundException': net/miginfocom/layout/UnitValueCustomizer> (0x00000000d6613ab8) thrown at [C:\re\workspace\8-2-build-windows-amd64-cygwin\jdk8u181\11358\hotspot\src\share\vm\classfile\systemDictionary.cpp, line 210]
Event: 0.552 Thread 0x00000000194e6000 Exception <a 'java/lang/ClassNotFoundException': java/lang/ObjectCustomizer> (0x00000000d6630f68) thrown at [C:\re\workspace\8-2-build-windows-amd64-cygwin\jdk8u181\11358\hotspot\src\share\vm\classfile\systemDictionary.cpp, line 210]
Event: 0.553 Thread 0x00000000194e6000 Exception <a 'java/lang/ClassNotFoundException': net/miginfocom/layout/BoundSizeCustomizer> (0x00000000d66395c8) thrown at [C:\re\workspace\8-2-build-windows-amd64-cygwin\jdk8u181\11358\hotspot\src\share\vm\classfile\systemDictionary.cpp, line 210]
Event: 0.950 Thread 0x00000000194e6000 Exception <a 'java/io/FileNotFoundException'> (0x00000000d68bcc80) thrown at [C:\re\workspace\8-2-build-windows-amd64-cygwin\jdk8u181\11358\hotspot\src\share\vm\prims\jni.cpp, line 709]
Event: 0.975 Thread 0x00000000194e6000 Exception <a 'java/io/FileNotFoundException'> (0x00000000d68e1ac0) thrown at [C:\re\workspace\8-2-build-windows-amd64-cygwin\jdk8u181\11358\hotspot\src\share\vm\prims\jni.cpp, line 709]

Events (10 events):
Event: 1.481 Thread 0x00000000194e6000 Uncommon trap: trap_request=0xffffff65 fr.pc=0x0000000002f4947c
Event: 1.481 Thread 0x00000000194e6000 DEOPT PACKING pc=0x0000000002f4947c sp=0x0000000019cad9d0
Event: 1.481 Thread 0x00000000194e6000 DEOPT UNPACKING pc=0x0000000002d4583b sp=0x0000000019cad840 mode 2
Event: 1.481 loading class java/lang/CharacterData00
Event: 1.481 loading class java/lang/CharacterData00 done
Event: 1.481 Executing VM operation: Deoptimize
Event: 1.481 Executing VM operation: Deoptimize done
Event: 1.489 Thread 0x00000000194e6000 Uncommon trap: trap_request=0xffffff65 fr.pc=0x0000000002ffc110
Event: 1.489 Thread 0x00000000194e6000 DEOPT PACKING pc=0x0000000002ffc110 sp=0x0000000019cad4e0
Event: 1.489 Thread 0x00000000194e6000 DEOPT UNPACKING pc=0x0000000002d4583b sp=0x0000000019cad408 mode 2


Dynamic libraries:
0x00007ff71c840000 - 0x00007ff71c877000 	C:\Program Files\Java\jre1.8.0_181\bin\javaw.exe
0x00007ffbb6db0000 - 0x00007ffbb6f91000 	C:\WINDOWS\SYSTEM32\ntdll.dll
0x00007ffbb6af0000 - 0x00007ffbb6ba2000 	C:\WINDOWS\System32\KERNEL32.DLL
0x00007ffbb34a0000 - 0x00007ffbb3713000 	C:\WINDOWS\System32\KERNELBASE.dll
0x00007ffbb61c0000 - 0x00007ffbb6261000 	C:\WINDOWS\System32\ADVAPI32.dll
0x00007ffbb68c0000 - 0x00007ffbb695e000 	C:\WINDOWS\System32\msvcrt.dll
0x00007ffbb6a90000 - 0x00007ffbb6aeb000 	C:\WINDOWS\System32\sechost.dll
0x00007ffbb6790000 - 0x00007ffbb68b4000 	C:\WINDOWS\System32\RPCRT4.dll
0x00007ffbb6270000 - 0x00007ffbb6400000 	C:\WINDOWS\System32\USER32.dll
0x00007ffbb4120000 - 0x00007ffbb4140000 	C:\WINDOWS\System32\win32u.dll
0x00007ffbb6d50000 - 0x00007ffbb6d78000 	C:\WINDOWS\System32\GDI32.dll
0x00007ffbb3180000 - 0x00007ffbb3312000 	C:\WINDOWS\System32\gdi32full.dll
0x00007ffbb3e90000 - 0x00007ffbb3f2f000 	C:\WINDOWS\System32\msvcp_win.dll
0x00007ffbb4140000 - 0x00007ffbb4238000 	C:\WINDOWS\System32\ucrtbase.dll
0x00007ffba4250000 - 0x00007ffba44b9000 	C:\WINDOWS\WinSxS\amd64_microsoft.windows.common-controls_6595b64144ccf1df_6.0.17134.648_none_fb45a0e93062a6d2\COMCTL32.dll
0x00007ffbb6400000 - 0x00007ffbb6722000 	C:\WINDOWS\System32\combase.dll
0x00007ffbb33d0000 - 0x00007ffbb344a000 	C:\WINDOWS\System32\bcryptPrimitives.dll
0x00007ffbb5f40000 - 0x00007ffbb5f6d000 	C:\WINDOWS\System32\IMM32.DLL
0x00000000716b0000 - 0x0000000071782000 	C:\Program Files\Java\jre1.8.0_181\bin\msvcr100.dll
0x0000000072bd0000 - 0x0000000073472000 	C:\Program Files\Java\jre1.8.0_181\bin\server\jvm.dll
0x00007ffbb5e20000 - 0x00007ffbb5e28000 	C:\WINDOWS\System32\PSAPI.DLL
0x00007ffba5260000 - 0x00007ffba526a000 	C:\WINDOWS\SYSTEM32\VERSION.dll
0x00007ffbae420000 - 0x00007ffbae443000 	C:\WINDOWS\SYSTEM32\WINMM.dll
0x00007ffbb1cd0000 - 0x00007ffbb1cd9000 	C:\WINDOWS\SYSTEM32\WSOCK32.dll
0x00007ffbb5ed0000 - 0x00007ffbb5f3c000 	C:\WINDOWS\System32\WS2_32.dll
0x00007ffbae3f0000 - 0x00007ffbae41a000 	C:\WINDOWS\SYSTEM32\winmmbase.dll
0x00007ffbb3450000 - 0x00007ffbb3499000 	C:\WINDOWS\System32\cfgmgr32.dll
0x0000000072ae0000 - 0x0000000072aef000 	C:\Program Files\Java\jre1.8.0_181\bin\verify.dll
0x0000000072ab0000 - 0x0000000072ad9000 	C:\Program Files\Java\jre1.8.0_181\bin\java.dll
0x0000000072a90000 - 0x0000000072aa6000 	C:\Program Files\Java\jre1.8.0_181\bin\zip.dll
0x00007ffbb4400000 - 0x00007ffbb5840000 	C:\WINDOWS\System32\SHELL32.dll
0x00007ffbb69e0000 - 0x00007ffbb6a89000 	C:\WINDOWS\System32\shcore.dll
0x00007ffbb3720000 - 0x00007ffbb3e2d000 	C:\WINDOWS\System32\windows.storage.dll
0x00007ffbb5db0000 - 0x00007ffbb5e01000 	C:\WINDOWS\System32\shlwapi.dll
0x00007ffbb3120000 - 0x00007ffbb3131000 	C:\WINDOWS\System32\kernel.appcore.dll
0x00007ffbb3140000 - 0x00007ffbb315f000 	C:\WINDOWS\System32\profapi.dll
0x00007ffbb30c0000 - 0x00007ffbb310c000 	C:\WINDOWS\System32\powrprof.dll
0x00007ffbb3110000 - 0x00007ffbb311a000 	C:\WINDOWS\System32\FLTLIB.DLL
0x0000000071510000 - 0x00000000716a9000 	C:\Program Files\Java\jre1.8.0_181\bin\awt.dll
0x00007ffbb5f70000 - 0x00007ffbb6033000 	C:\WINDOWS\System32\OLEAUT32.dll
0x00007ffbb05d0000 - 0x00007ffbb065b000 	C:\WINDOWS\SYSTEM32\apphelp.dll
0x00007ffbb0700000 - 0x00007ffbb0798000 	C:\WINDOWS\system32\uxtheme.dll
0x00007ffbb6040000 - 0x00007ffbb61b3000 	C:\WINDOWS\System32\MSCTF.dll
0x00007ffbb1490000 - 0x00007ffbb14b9000 	C:\WINDOWS\system32\dwmapi.dll
0x00007ffbb4240000 - 0x00007ffbb4391000 	C:\WINDOWS\System32\ole32.dll
0x00007ffba4c50000 - 0x00007ffba4d70000 	C:\WINDOWS\system32\opengl32.dll
0x00007ffba9a90000 - 0x00007ffba9abc000 	C:\WINDOWS\SYSTEM32\GLU32.dll
0x00000000714c0000 - 0x0000000071507000 	C:\Program Files\Java\jre1.8.0_181\bin\fontmanager.dll
0x00007ffbb2af0000 - 0x00007ffbb2b07000 	C:\WINDOWS\SYSTEM32\CRYPTSP.dll
0x00007ffbb2520000 - 0x00007ffbb2553000 	C:\WINDOWS\system32\rsaenh.dll
0x00007ffbb2c20000 - 0x00007ffbb2c45000 	C:\WINDOWS\SYSTEM32\bcrypt.dll
0x00007ffbb2ff0000 - 0x00007ffbb3018000 	C:\WINDOWS\SYSTEM32\USERENV.dll
0x00007ffbb2b10000 - 0x00007ffbb2b1b000 	C:\WINDOWS\SYSTEM32\CRYPTBASE.dll
0x0000000072a70000 - 0x0000000072a8a000 	C:\Program Files\Java\jre1.8.0_181\bin\net.dll
0x00007ffbb2940000 - 0x00007ffbb29a6000 	C:\WINDOWS\system32\mswsock.dll
0x00007ffbb26c0000 - 0x00007ffbb26f8000 	C:\WINDOWS\SYSTEM32\IPHLPAPI.DLL
0x00007ffbb5e10000 - 0x00007ffbb5e18000 	C:\WINDOWS\System32\NSI.dll
0x00007ffba9970000 - 0x00007ffba9986000 	C:\WINDOWS\SYSTEM32\dhcpcsvc6.DLL
0x00007ffba9e90000 - 0x00007ffba9eaa000 	C:\WINDOWS\SYSTEM32\dhcpcsvc.DLL
0x0000000072a50000 - 0x0000000072a61000 	C:\Program Files\Java\jre1.8.0_181\bin\nio.dll

VM Arguments:
jvm_args: -Dfile.encoding=UTF-8 
java_command: Vista.Menu
java_class_path (initial): C:\Users\fredd\Desktop\Analisis\Sistema Consultorio\SistemaConsultorio\bin;C:\Users\fredd\Desktop\Analisis\Sistema Consultorio\SistemaConsultorio\src\Librerias\mysql-connector-java-5.0.4-bin.jar;C:\Users\fredd\Desktop\Analisis\Sistema Consultorio\SistemaConsultorio\src\Librerias\mysql-connector-java-8.0.12.jar;C:\Users\fredd\Desktop\Analisis\Sistema Consultorio\SistemaConsultorio\src\Librerias\PlaceHolder.jar;C:\Users\fredd\Desktop\Analisis\Sistema Consultorio\SistemaConsultorio\jgoodies-forms-1.8.0.jar;C:\Users\fredd\Desktop\Analisis\Sistema Consultorio\SistemaConsultorio\miglayout15-swing.jar
Launcher Type: SUN_STANDARD

Environment Variables:
PATH=C:/Program Files/Java/jre1.8.0_181/bin/server;C:/Program Files/Java/jre1.8.0_181/bin;C:/Program Files/Java/jre1.8.0_181/lib/amd64;C:\Program Files (x86)\Common Files\Oracle\Java\javapath;C:\Windows\system32;C:\Windows;C:\Windows\System32\Wbem;C:\Windows\System32\WindowsPowerShell\v1.0\;C:\Program Files (x86)\Borland\Delphi7\Bin;C:\Program Files (x86)\Borland\Delphi7\Projects\Bpl;C:\Users\fredd\.dnx\bin;C:\Program Files\Microsoft DNX\Dnvm\;C:\Users\fredd\AppData\Local\Microsoft\WindowsApps;C:\adb;C:\WINDOWS\system32;C:\WINDOWS;C:\WINDOWS\System32\Wbem;C:\WINDOWS\System32\WindowsPowerShell\v1.0\;C:\WINDOWS\System32\OpenSSH\;C:\Program Files\Microsoft SQL Server\Client SDK\ODBC\110\Tools\Binn\;C:\Program Files (x86)\Microsoft SQL Server\120\Tools\Binn\ManagementStudio\;C:\Program Files (x86)\Microsoft SQL Server\120\Tools\Binn\;C:\Program Files\Microsoft SQL Server\120\Tools\Binn\;C:\Program Files (x86)\Microsoft SQL Server\120\DTS\Binn\;C:\Program Files\Microsoft SQL Server\120\DTS\Binn\;C:\Program Files\Git\cmd;C:\Users\fredd\AppData\Local\Microsoft\WindowsApps;C:\Users\fredd\AppData\Local\atom\bin;C:\Users\fredd\AppData\Local\Programs\Python\Python36\;C:\Users\fredd\AppData\Local\Programs\Python\Python36\Scripts\;C:\Users\fredd\AppData\Local\GitHubDesktop\bin;C:\WINDOWS\System32;
USERNAME=fredd
OS=Windows_NT
PROCESSOR_IDENTIFIER=Intel64 Family 6 Model 69 Stepping 1, GenuineIntel



---------------  S Y S T E M  ---------------

OS: Windows 10.0 , 64 bit Build 17134 (10.0.17134.648)

CPU:total 4 (initial active 4) (2 cores per cpu, 2 threads per core) family 6 model 69 stepping 1, cmov, cx8, fxsr, mmx, sse, sse2, sse3, ssse3, sse4.1, sse4.2, popcnt, avx, avx2, aes, clmul, erms, lzcnt, ht, tsc, tscinvbit, bmi1, bmi2

Memory: 4k page, physical 8269468k(607588k free), swap 33435292k(4220k free)

vm_info: Java HotSpot(TM) 64-Bit Server VM (25.181-b13) for windows-amd64 JRE (1.8.0_181-b13), built on Jul  7 2018 04:01:33 by "java_re" with MS VC++ 10.0 (VS2010)

time: Fri Mar 29 21:57:19 2019
elapsed time: 1 seconds (0d 0h 0m 1s)

